<?xml version="1.0" encoding="UTF-8"?>
<testng-results skipped="0" failed="0" ignored="0" total="1" passed="1">
  <reporter-output>
  </reporter-output>
  <suite name="Suite" duration-ms="80775" started-at="2022-04-10T20:48:20 IST" finished-at="2022-04-10T20:49:41 IST">
    <groups>
      <group name="cucumber">
        <method signature="AbstractTestNGCucumberTests.feature(cucumber.api.testng.CucumberFeatureWrapper)[pri:0, instance:cucumberoptions.TestRunner@433d61fb]" name="feature" class="cucumber.api.testng.AbstractTestNGCucumberTests"/>
      </group> <!-- cucumber -->
    </groups>
    <test name="validate user login" duration-ms="80775" started-at="2022-04-10T20:48:20 IST" finished-at="2022-04-10T20:49:41 IST">
      <class name="cucumberoptions.TestRunner">
        <test-method status="PASS" signature="setUpClass()[pri:0, instance:cucumberoptions.TestRunner@433d61fb]" name="setUpClass" is-config="true" duration-ms="465" started-at="2022-04-10T20:48:20 IST" finished-at="2022-04-10T20:48:20 IST">
          <reporter-output>
          </reporter-output>
        </test-method> <!-- setUpClass -->
        <test-method status="PASS" signature="feature(cucumber.api.testng.CucumberFeatureWrapper)[pri:0, instance:cucumberoptions.TestRunner@433d61fb]" name="feature" duration-ms="79494" started-at="2022-04-10T20:48:21 IST" description="Runs Cucumber Feature" data-provider="features" finished-at="2022-04-10T20:49:40 IST">
          <params>
            <param index="0">
              <value>
                <![CDATA[Login into Application]]>
              </value>
            </param>
          </params>
          <reporter-output>
          </reporter-output>
        </test-method> <!-- feature -->
        <test-method status="PASS" signature="tearDownClass()[pri:0, instance:cucumberoptions.TestRunner@433d61fb]" name="tearDownClass" is-config="true" duration-ms="19" started-at="2022-04-10T20:49:41 IST" finished-at="2022-04-10T20:49:41 IST">
          <reporter-output>
          </reporter-output>
        </test-method> <!-- tearDownClass -->
      </class> <!-- cucumberoptions.TestRunner -->
    </test> <!-- validate user login -->
  </suite> <!-- Suite -->
</testng-results>
