<?xml version="1.0" encoding="UTF-8"?>
<!-- Generated by org.testng.reporters.JUnitXMLReporter -->
<testsuite hostname="DESKTOP-FEPQ0C3" ignored="0" name="Default test" tests="5" failures="0" timestamp="2022-03-30T14:38:22 IST" time="0.194" errors="0">
  <testcase name="iosApps" time="0.022" classname="com.prac.maven.MavenFirst.AppiumTest"/>
  <testcase name="nativeApAndroid" time="0.01" classname="com.prac.maven.MavenFirst.AppiumTest"/>
  <testcase name="elementsUI" time="0.005" classname="com.prac.maven.MavenFirst.SeleniumTest"/>
  <testcase name="deleteTwitter" time="0.008" classname="com.prac.maven.MavenFirst.RestApiTest"/>
  <testcase name="postJira" time="0.003" classname="com.prac.maven.MavenFirst.RestApiTest"/>
</testsuite> <!-- Default test -->
