<?xml version="1.0" encoding="UTF-8"?>
<!-- Generated by org.testng.reporters.JUnitXMLReporter -->
<testsuite hostname="DESKTOP-FEPQ0C3" ignored="1" name="Car Loan" tests="6" failures="0" timestamp="2022-03-29T20:45:42 IST" time="0.25" errors="0">
  <testcase name="mobileLoginCarLoan" time="0.017" classname="com.prac.testng.Day3"/>
  <testcase name="mobileLoginCarLoan" time="0.018" classname="com.prac.testng.Day3"/>
  <testcase name="mobileLoginCarLoan" time="0.004" classname="com.prac.testng.Day3"/>
  <testcase name="mobileSigninCarLoan" time="0.009" classname="com.prac.testng.Day3"/>
  <testcase name="webLoginCarLoan" time="0.003" classname="com.prac.testng.Day3"/>
  <testcase name="apiLoginCarLoan" time="0.004" classname="com.prac.testng.Day3"/>
  <testcase name="mobileSignoutCarLoan" time="0.0" classname="com.prac.testng.Day3">
    <ignored/>
  </testcase> <!-- mobileSignoutCarLoan -->
</testsuite> <!-- Car Loan -->
