<?xml version="1.0" encoding="UTF-8"?>
<!-- Generated by org.testng.reporters.JUnitXMLReporter -->
<testsuite hostname="DESKTOP-FEPQ0C3" ignored="0" name="personal loan" tests="6" failures="0" timestamp="2022-03-29T20:45:42 IST" time="0.136" errors="0">
  <testcase name="demo1" time="0.009" classname="com.prac.testng.Day1"/>
  <testcase name="pLoan" time="0.015" classname="com.prac.testng.Day2"/>
  <testcase name="apiLoginHomeLoan" time="0.016" classname="com.prac.testng.Day4"/>
  <testcase name="mobileLoginHomeLoan" time="0.01" classname="com.prac.testng.Day4"/>
  <testcase name="testDemo2" time="0.006" classname="com.prac.testng.Day1"/>
  <testcase name="webLoginHomeLoan" time="0.008" classname="com.prac.testng.Day4"/>
</testsuite> <!-- personal loan -->
