<?xml version="1.0" encoding="UTF-8"?>
<!-- Generated by org.testng.reporters.JUnitXMLReporter -->
<testsuite hostname="DESKTOP-FEPQ0C3" ignored="8" name="Regression" tests="3" failures="0" timestamp="2022-03-29T17:22:36 IST" time="0.084" errors="0">
  <testcase name="pLoan" time="0.014" classname="com.prac.testng.Day2"/>
  <testcase name="webLoginCarLoan" time="0.001" classname="com.prac.testng.Day3"/>
  <testcase name="mobileLoginHomeLoan" time="0.003" classname="com.prac.testng.Day4"/>
  <testcase name="mobileLoginCarLoan" time="0.0" classname="com.prac.testng.Day3">
    <ignored/>
  </testcase> <!-- mobileLoginCarLoan -->
  <testcase name="Testdemo2" time="0.0" classname="com.prac.testng.Day1">
    <ignored/>
  </testcase> <!-- Testdemo2 -->
  <testcase name="mobileSignoutCarLoan" time="0.0" classname="com.prac.testng.Day3">
    <ignored/>
  </testcase> <!-- mobileSignoutCarLoan -->
  <testcase name="webLoginHomeLoan" time="0.0" classname="com.prac.testng.Day4">
    <ignored/>
  </testcase> <!-- webLoginHomeLoan -->
  <testcase name="apiLoginHomeLoan" time="0.0" classname="com.prac.testng.Day4">
    <ignored/>
  </testcase> <!-- apiLoginHomeLoan -->
  <testcase name="apiLoginCarLoan" time="0.0" classname="com.prac.testng.Day3">
    <ignored/>
  </testcase> <!-- apiLoginCarLoan -->
  <testcase name="demo1" time="0.0" classname="com.prac.testng.Day1">
    <ignored/>
  </testcase> <!-- demo1 -->
  <testcase name="mobileSigninCarLoan" time="0.0" classname="com.prac.testng.Day3">
    <ignored/>
  </testcase> <!-- mobileSigninCarLoan -->
</testsuite> <!-- Regression -->
