<?xml version="1.0" encoding="UTF-8"?>
<testng-results skipped="0" failed="0" ignored="0" total="1" passed="1">
  <reporter-output>
  </reporter-output>
  <suite name="Default suite" duration-ms="26766" started-at="2022-04-03T12:15:46 IST" finished-at="2022-04-03T12:16:13 IST">
    <groups>
    </groups>
    <test name="Default test" duration-ms="26766" started-at="2022-04-03T12:15:46 IST" finished-at="2022-04-03T12:16:13 IST">
      <class name="com.testcase.pf.LoginApplicationPF">
        <test-method status="PASS" signature="login()[pri:0, instance:com.testcase.pf.LoginApplicationPF@631330c]" name="login" duration-ms="26701" started-at="2022-04-03T12:15:46 IST" finished-at="2022-04-03T12:16:13 IST">
          <reporter-output>
          </reporter-output>
        </test-method> <!-- login -->
      </class> <!-- com.testcase.pf.LoginApplicationPF -->
    </test> <!-- Default test -->
  </suite> <!-- Default suite -->
</testng-results>
