<?xml version="1.0" encoding="UTF-8"?>
<!-- Generated by org.testng.reporters.JUnitXMLReporter -->
<testsuite hostname="DESKTOP-FEPQ0C3" ignored="0" name="RerunTestcase(failed)(failed)" tests="1" failures="1" timestamp="2022-10-05T17:17:29 IST" time="0.071" errors="0">
  <testcase name="test3" time="0.016" classname="com.prac.failedtestcase.TestClass3">
    <failure type="java.lang.AssertionError" message="expected [true] but found [false]">
      <![CDATA[java.lang.AssertionError: expected [true] but found [false]
at com.prac.failedtestcase.TestClass3.test3(TestClass3.java:11)
at java.util.ArrayList.forEach(Unknown Source)
... Removed 32 stack frames]]>
    </failure>
  </testcase> <!-- test3 -->
</testsuite> <!-- RerunTestcase(failed)(failed) -->
