<?xml version="1.0" encoding="UTF-8"?>
<testng-results skipped="0" failed="0" ignored="0" total="1" passed="1">
  <reporter-output>
  </reporter-output>
  <suite name="Default suite" duration-ms="55980" started-at="2022-04-10T20:40:18 IST" finished-at="2022-04-10T20:41:14 IST">
    <groups>
      <group name="cucumber">
        <method signature="AbstractTestNGCucumberTests.feature(cucumber.api.testng.CucumberFeatureWrapper)[pri:0, instance:cucumberoptions.TestRunner@569cfc36]" name="feature" class="cucumber.api.testng.AbstractTestNGCucumberTests"/>
      </group> <!-- cucumber -->
    </groups>
    <test name="Default test" duration-ms="55980" started-at="2022-04-10T20:40:18 IST" finished-at="2022-04-10T20:41:14 IST">
      <class name="cucumberoptions.TestRunner">
        <test-method status="PASS" signature="setUpClass()[pri:0, instance:cucumberoptions.TestRunner@569cfc36]" name="setUpClass" is-config="true" duration-ms="346" started-at="2022-04-10T20:40:19 IST" finished-at="2022-04-10T20:40:19 IST">
          <reporter-output>
          </reporter-output>
        </test-method> <!-- setUpClass -->
        <test-method status="PASS" signature="feature(cucumber.api.testng.CucumberFeatureWrapper)[pri:0, instance:cucumberoptions.TestRunner@569cfc36]" name="feature" duration-ms="55443" started-at="2022-04-10T20:40:19 IST" description="Runs Cucumber Feature" data-provider="features" finished-at="2022-04-10T20:41:14 IST">
          <params>
            <param index="0">
              <value>
                <![CDATA[Login into Application]]>
              </value>
            </param>
          </params>
          <reporter-output>
          </reporter-output>
        </test-method> <!-- feature -->
        <test-method status="PASS" signature="tearDownClass()[pri:0, instance:cucumberoptions.TestRunner@569cfc36]" name="tearDownClass" is-config="true" duration-ms="8" started-at="2022-04-10T20:41:14 IST" finished-at="2022-04-10T20:41:14 IST">
          <reporter-output>
          </reporter-output>
        </test-method> <!-- tearDownClass -->
      </class> <!-- cucumberoptions.TestRunner -->
    </test> <!-- Default test -->
  </suite> <!-- Default suite -->
</testng-results>
