<?xml version="1.0" encoding="UTF-8"?>
<!-- Generated by org.testng.reporters.JUnitXMLReporter -->
<testsuite hostname="DESKTOP-FEPQ0C3" ignored="0" name="Test" tests="4" failures="0" timestamp="30 Mar 2022 12:48:55 GMT" time="0.044" errors="0">
  <testcase name="deleteTwitter" time="0.01" classname="com.prac.maven.MavenFirst.RestApiTest"/>
  <testcase name="postJira" time="0.001" classname="com.prac.maven.MavenFirst.RestApiTest"/>
  <testcase name="browserAutomation" time="0.0" classname="com.prac.maven.MavenFirst.SeleniumTest"/>
  <testcase name="elementsUI" time="0.0" classname="com.prac.maven.MavenFirst.SeleniumTest"/>
</testsuite> <!-- Test -->
