<?xml version="1.0" encoding="UTF-8"?>
<testng-results skipped="0" failed="0" ignored="0" total="4" passed="4">
  <reporter-output>
  </reporter-output>
  <suite name="Suite" duration-ms="44" started-at="2022-03-30T12:48:55Z" finished-at="2022-03-30T12:48:55Z">
    <groups>
    </groups>
    <test name="Test" duration-ms="44" started-at="2022-03-30T12:48:55Z" finished-at="2022-03-30T12:48:55Z">
      <class name="com.prac.maven.MavenFirst.SeleniumTest">
        <test-method status="PASS" signature="browserAutomation()[pri:0, instance:com.prac.maven.MavenFirst.SeleniumTest@1e67b872]" name="browserAutomation" duration-ms="0" started-at="2022-03-30T18:18:55Z" finished-at="2022-03-30T18:18:55Z">
          <reporter-output>
          </reporter-output>
        </test-method> <!-- browserAutomation -->
        <test-method status="PASS" signature="elementsUI()[pri:0, instance:com.prac.maven.MavenFirst.SeleniumTest@1e67b872]" name="elementsUI" duration-ms="0" started-at="2022-03-30T18:18:55Z" finished-at="2022-03-30T18:18:55Z">
          <reporter-output>
          </reporter-output>
        </test-method> <!-- elementsUI -->
      </class> <!-- com.prac.maven.MavenFirst.SeleniumTest -->
      <class name="com.prac.maven.MavenFirst.RestApiTest">
        <test-method status="PASS" signature="deleteTwitter()[pri:0, instance:com.prac.maven.MavenFirst.RestApiTest@5315b42e]" name="deleteTwitter" duration-ms="10" started-at="2022-03-30T18:18:55Z" finished-at="2022-03-30T18:18:55Z">
          <reporter-output>
          </reporter-output>
        </test-method> <!-- deleteTwitter -->
        <test-method status="PASS" signature="postJira()[pri:0, instance:com.prac.maven.MavenFirst.RestApiTest@5315b42e]" name="postJira" duration-ms="1" started-at="2022-03-30T18:18:55Z" finished-at="2022-03-30T18:18:55Z">
          <reporter-output>
          </reporter-output>
        </test-method> <!-- postJira -->
      </class> <!-- com.prac.maven.MavenFirst.RestApiTest -->
    </test> <!-- Test -->
  </suite> <!-- Suite -->
</testng-results>
