<?xml version="1.0" encoding="UTF-8"?>
<!-- Generated by org.testng.reporters.JUnitXMLReporter -->
<testsuite hostname="DESKTOP-FEPQ0C3" ignored="0" name="CrossBrowserTest" tests="1" failures="1" timestamp="2022-10-08T20:17:19 IST" time="25.343" errors="0">
  <testcase name="setup" time="25.274" classname="crossbrowser.CrossBrowserTest">
    <failure type="org.openqa.selenium.SessionNotCreatedException" message="session not created: This version of MSEdgeDriver only supports MSEdge version 99
Current browser version is 105.0.1343.53 with binary path C:\Program Files (x86)\Microsoft\Edge\Application\msedge.exe
Build info: version: &amp;apos;3.6.0&amp;apos;, revision: &amp;apos;6fbf3ec767&amp;apos;, time: &amp;apos;2017-09-27T15:28:36.4Z&amp;apos;
System info: host: &amp;apos;DESKTOP-FEPQ0C3&amp;apos;, ip: &amp;apos;192.168.241.245&amp;apos;, os.name: &amp;apos;Windows 8.1&amp;apos;, os.arch: &amp;apos;amd64&amp;apos;, os.version: &amp;apos;6.3&amp;apos;, java.version: &amp;apos;1.8.0_20&amp;apos;
Driver info: driver.version: EdgeDriver
remote stacktrace: Backtrace:
	Microsoft::Applications::Events::EventProperties::unpack [0x00007FF705C21932+25346]
	Microsoft::Applications::Events::time_ticks_t::time_ticks_t [0x00007FF705B5E992+515810]
	Ordinal0 [0x00007FF705670BC5+658373]
	Ordinal0 [0x00007FF70569B5E0+832992]
	Ordinal0 [0x00007FF705696B7E+813950]
	Ordinal0 [0x00007FF7056924EE+795886]
	Ordinal0 [0x00007FF7056CC366+1033062]
	Ordinal0 [0x00007FF7056C6A53+1010259]
	Ordinal0 [0x00007FF70569DB47+842567]
	Ordinal0 [0x00007FF70569F018+847896]
	Microsoft::Applications::Events::EventProperty::to_string [0x00007FF70582F1C8+827304]
	Microsoft::Applications::Events::EventProperty::EventProperty [0x00007FF705919389+34681]
	Microsoft::Applications::Events::EventProperty::EventProperty [0x00007FF70591C562+47442]
	Microsoft::Applications::Events::EventProperty::to_string [0x00007FF70576C6D6+29878]
	Microsoft::Applications::Events::time_ticks_t::time_ticks_t [0x00007FF705B65981+544465]
	Microsoft::Applications::Events::time_ticks_t::time_ticks_t [0x00007FF705B6A984+564948]
	Microsoft::Applications::Events::time_ticks_t::time_ticks_t [0x00007FF705B6AADD+565293]
	Microsoft::Applications::Events::time_ticks_t::time_ticks_t [0x00007FF705B748CE+605726]
	BaseThreadInitThunk [0x00007FFFCE147034+20]
	RtlUserThreadStart [0x00007FFFCF942651+33]
">
      <![CDATA[org.openqa.selenium.SessionNotCreatedException: session not created: This version of MSEdgeDriver only supports MSEdge version 99
Current browser version is 105.0.1343.53 with binary path C:\Program Files (x86)\Microsoft\Edge\Application\msedge.exe
Build info: version: '3.6.0', revision: '6fbf3ec767', time: '2017-09-27T15:28:36.4Z'
System info: host: 'DESKTOP-FEPQ0C3', ip: '192.168.241.245', os.name: 'Windows 8.1', os.arch: 'amd64', os.version: '6.3', java.version: '1.8.0_20'
Driver info: driver.version: EdgeDriver
remote stacktrace: Backtrace:
Microsoft::Applications::Events::EventProperties::unpack [0x00007FF705C21932+25346]
Microsoft::Applications::Events::time_ticks_t::time_ticks_t [0x00007FF705B5E992+515810]
Ordinal0 [0x00007FF705670BC5+658373]
Ordinal0 [0x00007FF70569B5E0+832992]
Ordinal0 [0x00007FF705696B7E+813950]
Ordinal0 [0x00007FF7056924EE+795886]
Ordinal0 [0x00007FF7056CC366+1033062]
Ordinal0 [0x00007FF7056C6A53+1010259]
Ordinal0 [0x00007FF70569DB47+842567]
Ordinal0 [0x00007FF70569F018+847896]
Microsoft::Applications::Events::EventProperty::to_string [0x00007FF70582F1C8+827304]
Microsoft::Applications::Events::EventProperty::EventProperty [0x00007FF705919389+34681]
Microsoft::Applications::Events::EventProperty::EventProperty [0x00007FF70591C562+47442]
Microsoft::Applications::Events::EventProperty::to_string [0x00007FF70576C6D6+29878]
Microsoft::Applications::Events::time_ticks_t::time_ticks_t [0x00007FF705B65981+544465]
Microsoft::Applications::Events::time_ticks_t::time_ticks_t [0x00007FF705B6A984+564948]
Microsoft::Applications::Events::time_ticks_t::time_ticks_t [0x00007FF705B6AADD+565293]
Microsoft::Applications::Events::time_ticks_t::time_ticks_t [0x00007FF705B748CE+605726]
BaseThreadInitThunk [0x00007FFFCE147034+20]
RtlUserThreadStart [0x00007FFFCF942651+33]

at org.openqa.selenium.remote.W3CHandshakeResponse.lambda$new$0(W3CHandshakeResponse.java:57)
at org.openqa.selenium.remote.W3CHandshakeResponse$$Lambda$181/1551446957.apply(Unknown Source)
at org.openqa.selenium.remote.W3CHandshakeResponse.lambda$getResponseFunction$2(W3CHandshakeResponse.java:104)
at org.openqa.selenium.remote.W3CHandshakeResponse$$Lambda$183/1605851606.apply(Unknown Source)
at org.openqa.selenium.remote.ProtocolHandshake.lambda$createSession$24(ProtocolHandshake.java:359)
at org.openqa.selenium.remote.ProtocolHandshake$$Lambda$184/1267556427.apply(Unknown Source)
at java.util.stream.ReferencePipeline$3$1.accept(Unknown Source)
at java.util.Spliterators$ArraySpliterator.tryAdvance(Unknown Source)
at java.util.stream.ReferencePipeline.forEachWithCancel(Unknown Source)
at java.util.stream.AbstractPipeline.copyIntoWithCancel(Unknown Source)
at java.util.stream.AbstractPipeline.copyInto(Unknown Source)
at java.util.stream.AbstractPipeline.wrapAndCopyInto(Unknown Source)
at java.util.stream.FindOps$FindOp.evaluateSequential(Unknown Source)
at java.util.stream.AbstractPipeline.evaluate(Unknown Source)
at java.util.stream.ReferencePipeline.findFirst(Unknown Source)
at org.openqa.selenium.remote.ProtocolHandshake.createSession(ProtocolHandshake.java:362)
at org.openqa.selenium.remote.ProtocolHandshake.createSession(ProtocolHandshake.java:136)
at org.openqa.selenium.remote.HttpCommandExecutor.execute(HttpCommandExecutor.java:142)
at org.openqa.selenium.remote.service.DriverCommandExecutor.execute(DriverCommandExecutor.java:83)
at org.openqa.selenium.remote.RemoteWebDriver.execute(RemoteWebDriver.java:586)
at org.openqa.selenium.remote.RemoteWebDriver.startSession(RemoteWebDriver.java:217)
at org.openqa.selenium.remote.RemoteWebDriver.<init>(RemoteWebDriver.java:140)
at org.openqa.selenium.edge.EdgeDriver.<init>(EdgeDriver.java:150)
at org.openqa.selenium.edge.EdgeDriver.<init>(EdgeDriver.java:139)
at org.openqa.selenium.edge.EdgeDriver.<init>(EdgeDriver.java:96)
at crossbrowser.CrossBrowserTest.setup(CrossBrowserTest.java:35)
at java.util.ArrayList.forEach(Unknown Source)
... Removed 32 stack frames]]>
    </failure>
  </testcase> <!-- setup -->
</testsuite> <!-- CrossBrowserTest -->
