<?xml version="1.0" encoding="UTF-8"?>
<!-- Generated by org.testng.reporters.JUnitXMLReporter -->
<testsuite hostname="DESKTOP-FEPQ0C3" ignored="0" name="Test" tests="2" failures="1" timestamp="2022-10-08T23:02:58 IST" time="0.079" errors="0">
  <testcase name="testMethod01_reg" time="0.014" classname="listenerregression.Demoregression">
    <failure type="java.lang.AssertionError" message="expected [3] but found [2]">
      <![CDATA[java.lang.AssertionError: expected [3] but found [2]
at listenerregression.Demoregression.testMethod01_reg(Demoregression.java:10)
at java.util.ArrayList.forEach(Unknown Source)
... Removed 35 stack frames]]>
    </failure>
  </testcase> <!-- testMethod01_reg -->
  <testcase name="testMethod02_reg" time="0.003" classname="listenerregression.Demoregression"/>
</testsuite> <!-- Test -->
